<?xml version="1.0" encoding="UTF-8"?>
<testng-results skipped="0" failed="0" ignored="6" total="10" passed="4">
  <reporter-output>
  </reporter-output>
  <suite name="Suite" duration-ms="16505" started-at="2019-09-16T08:58:39Z" finished-at="2019-09-16T08:58:56Z">
    <groups>
    </groups>
    <test name="Test" duration-ms="16505" started-at="2019-09-16T08:58:39Z" finished-at="2019-09-16T08:58:56Z">
      <class name="POM.testcases.logintest">
        <test-method status="PASS" signature="initialise()[pri:0, instance:POM.testcases.logintest@27efef64]" name="initialise" is-config="true" duration-ms="11144" started-at="2019-09-16T08:58:28Z" finished-at="2019-09-16T08:58:39Z">
          <reporter-output>
          </reporter-output>
        </test-method> <!-- initialise -->
        <test-method status="PASS" signature="init()[pri:0, instance:POM.testcases.logintest@27efef64]" name="init" duration-ms="7213" started-at="2019-09-16T08:58:39Z" finished-at="2019-09-16T08:58:47Z">
          <reporter-output>
          </reporter-output>
        </test-method> <!-- init -->
        <test-method status="PASS" signature="teardown()[pri:0, instance:POM.testcases.logintest@27efef64]" name="teardown" is-config="true" duration-ms="438" started-at="2019-09-16T08:58:56Z" finished-at="2019-09-16T08:58:57Z">
          <reporter-output>
          </reporter-output>
        </test-method> <!-- teardown -->
      </class> <!-- POM.testcases.logintest -->
      <class name="POM.testcases.NewcustomerTest">
        <test-method status="PASS" signature="customer()[pri:0, instance:POM.testcases.NewcustomerTest@6f7fd0e6]" name="customer" duration-ms="4611" started-at="2019-09-16T08:58:47Z" finished-at="2019-09-16T08:58:51Z">
          <reporter-output>
          </reporter-output>
        </test-method> <!-- customer -->
      </class> <!-- POM.testcases.NewcustomerTest -->
      <class name="POM.testcases.DeleteCustomerTest">
        <test-method status="PASS" signature="dltcust()[pri:0, instance:POM.testcases.DeleteCustomerTest@3e6fa38a]" name="dltcust" duration-ms="1836" started-at="2019-09-16T08:58:54Z" finished-at="2019-09-16T08:58:56Z">
          <reporter-output>
          </reporter-output>
        </test-method> <!-- dltcust -->
      </class> <!-- POM.testcases.DeleteCustomerTest -->
      <class name="POM.testcases.EditCustomerTest">
        <test-method status="PASS" signature="EditCust()[pri:0, instance:POM.testcases.EditCustomerTest@47c62251]" name="EditCust" duration-ms="2810" started-at="2019-09-16T08:58:51Z" finished-at="2019-09-16T08:58:54Z">
          <reporter-output>
          </reporter-output>
        </test-method> <!-- EditCust -->
      </class> <!-- POM.testcases.EditCustomerTest -->
    </test> <!-- Test -->
  </suite> <!-- Suite -->
</testng-results>
