<?xml version="1.0" encoding="UTF-8"?>
<!-- Generated by org.testng.reporters.JUnitXMLReporter -->
<testsuite hostname="LAPTOP-19E9QGTJ" ignored="6" name="Test" tests="4" failures="0" timestamp="16 Sep 2019 08:58:56 GMT" time="16.505" errors="0">
  <testcase name="init" time="7.213" classname="POM.testcases.logintest"/>
  <testcase name="customer" time="4.611" classname="POM.testcases.NewcustomerTest"/>
  <testcase name="EditCust" time="2.81" classname="POM.testcases.EditCustomerTest"/>
  <testcase name="dltcust" time="1.836" classname="POM.testcases.DeleteCustomerTest"/>
  <testcase name="@BeforeSuite initialise" time="0.0" classname="POM.testcases.testbase">
    <ignored/>
  </testcase> <!-- @BeforeSuite initialise -->
  <testcase name="@BeforeSuite initialise" time="0.0" classname="POM.testcases.testbase">
    <ignored/>
  </testcase> <!-- @BeforeSuite initialise -->
  <testcase name="@BeforeSuite initialise" time="0.0" classname="POM.testcases.testbase">
    <ignored/>
  </testcase> <!-- @BeforeSuite initialise -->
  <testcase name="@AfterSuite teardown" time="0.0" classname="POM.testcases.testbase">
    <ignored/>
  </testcase> <!-- @AfterSuite teardown -->
  <testcase name="@AfterSuite teardown" time="0.0" classname="POM.testcases.testbase">
    <ignored/>
  </testcase> <!-- @AfterSuite teardown -->
  <testcase name="@AfterSuite teardown" time="0.0" classname="POM.testcases.testbase">
    <ignored/>
  </testcase> <!-- @AfterSuite teardown -->
</testsuite> <!-- Test -->
